# JRE version: Java(TM) SE Runtime Environment (7.0_65-b17) (build 1.7.0_65-b17)
# Java VM: Java HotSpot(TM) 64-Bit Server VM (24.65-b04 mixed mode bsd-amd64 compressed oops)
Heap
 par new generation   total 78784K, used 1759K [0x00000006fae00000, 0x0000000700370000, 0x000000070fac0000)
  eden space 70080K,   2% used [0x00000006fae00000, 0x00000006fafb7ed0, 0x00000006ff270000)
  from space 8704K,   0% used [0x00000006ff270000, 0x00000006ff270000, 0x00000006ffaf0000)
  to   space 8704K,   0% used [0x00000006ffaf0000, 0x00000006ffaf0000, 0x0000000700370000)
 concurrent mark-sweep generation total 174784K, used 10287K [0x000000070fac0000, 0x000000071a570000, 0x00000007fae00000)
 concurrent-mark-sweep perm gen total 32360K, used 19207K [0x00000007fae00000, 0x00000007fcd9a000, 0x0000000800000000)
GC Heap History (10 events):
Event: 0.848 GC heap before
{Heap before GC invocations=0 (full 0):
 par new generation   total 78656K, used 12591K [0x00000006fae00000, 0x0000000700350000, 0x000000070fac0000)
  eden space 69952K,  18% used [0x00000006fae00000, 0x00000006fba4bfd8, 0x00000006ff250000)
  from space 8704K,   0% used [0x00000006ff250000, 0x00000006ff250000, 0x00000006ffad0000)
  to   space 8704K,   0% used [0x00000006ffad0000, 0x00000006ffad0000, 0x0000000700350000)
 concurrent mark-sweep generation total 174784K, used 0K [0x000000070fac0000, 0x000000071a570000, 0x00000007fae00000)
 concurrent-mark-sweep perm gen total 21248K, used 5682K [0x00000007fae00000, 0x00000007fc2c0000, 0x0000000800000000)
Event: 0.884 GC heap after
Heap after GC invocations=1 (full 1):
 par new generation   total 78720K, used 0K [0x00000006fae00000, 0x0000000700360000, 0x000000070fac0000)
  eden space 70016K,   0% used [0x00000006fae00000, 0x00000006fae00000, 0x00000006ff260000)
  from space 8704K,   0% used [0x00000006ff260000, 0x00000006ff260000, 0x00000006ffae0000)
  to   space 8704K,   0% used [0x00000006ffae0000, 0x00000006ffae0000, 0x0000000700360000)
 concurrent mark-sweep generation total 174784K, used 912K [0x000000070fac0000, 0x000000071a570000, 0x00000007fae00000)
 concurrent-mark-sweep perm gen total 21248K, used 5680K [0x00000007fae00000, 0x00000007fc2c0000, 0x0000000800000000)
}
Event: 1.236 GC heap before
{Heap before GC invocations=1 (full 2):
 par new generation   total 78720K, used 16825K [0x00000006fae00000, 0x0000000700360000, 0x000000070fac0000)
  eden space 70016K,  24% used [0x00000006fae00000, 0x00000006fbe6e478, 0x00000006ff260000)
  from space 8704K,   0% used [0x00000006ff260000, 0x00000006ff260000, 0x00000006ffae0000)
  to   space 8704K,   0% used [0x00000006ffae0000, 0x00000006ffae0000, 0x0000000700360000)
 concurrent mark-sweep generation total 174784K, used 912K [0x000000070fac0000, 0x000000071a570000, 0x00000007fae00000)
 concurrent-mark-sweep perm gen total 21248K, used 11425K [0x00000007fae00000, 0x00000007fc2c0000, 0x0000000800000000)
Event: 1.286 GC heap after
Heap after GC invocations=2 (full 3):
 par new generation   total 78784K, used 0K [0x00000006fae00000, 0x0000000700370000, 0x000000070fac0000)
  eden space 70080K,   0% used [0x00000006fae00000, 0x00000006fae00000, 0x00000006ff270000)
  from space 8704K,   0% used [0x00000006ff270000, 0x00000006ff270000, 0x00000006ffaf0000)
  to   space 8704K,   0% used [0x00000006ffaf0000, 0x00000006ffaf0000, 0x0000000700370000)
 concurrent mark-sweep generation total 174784K, used 2435K [0x000000070fac0000, 0x000000071a570000, 0x00000007fae00000)
 concurrent-mark-sweep perm gen total 21248K, used 11423K [0x00000007fae00000, 0x00000007fc2c0000, 0x0000000800000000)
}
Event: 3601.284 GC heap before
{Heap before GC invocations=2 (full 4):
 par new generation   total 78784K, used 64143K [0x00000006fae00000, 0x0000000700370000, 0x000000070fac0000)
  eden space 70080K,  91% used [0x00000006fae00000, 0x00000006feca3c20, 0x00000006ff270000)
  from space 8704K,   0% used [0x00000006ff270000, 0x00000006ff270000, 0x00000006ffaf0000)
  to   space 8704K,   0% used [0x00000006ffaf0000, 0x00000006ffaf0000, 0x0000000700370000)
 concurrent mark-sweep generation total 174784K, used 2435K [0x000000070fac0000, 0x000000071a570000, 0x00000007fae00000)
 concurrent-mark-sweep perm gen total 21248K, used 19302K [0x00000007fae00000, 0x00000007fc2c0000, 0x0000000800000000)
Event: 3601.341 GC heap after
Heap after GC invocations=3 (full 5):
 par new generation   total 78784K, used 0K [0x00000006fae00000, 0x0000000700370000, 0x000000070fac0000)
  eden space 70080K,   0% used [0x00000006fae00000, 0x00000006fae00000, 0x00000006ff270000)
  from space 8704K,   0% used [0x00000006ff270000, 0x00000006ff270000, 0x00000006ffaf0000)
  to   space 8704K,   0% used [0x00000006ffaf0000, 0x00000006ffaf0000, 0x0000000700370000)
 concurrent mark-sweep generation total 174784K, used 11815K [0x000000070fac0000, 0x000000071a570000, 0x00000007fae00000)
 concurrent-mark-sweep perm gen total 32168K, used 19298K [0x00000007fae00000, 0x00000007fcd6a000, 0x0000000800000000)
}
Event: 7201.992 GC heap before
{Heap before GC invocations=3 (full 5):
 par new generation   total 78784K, used 12705K [0x00000006fae00000, 0x0000000700370000, 0x000000070fac0000)
  eden space 70080K,  18% used [0x00000006fae00000, 0x00000006fba68678, 0x00000006ff270000)
  from space 8704K,   0% used [0x00000006ff270000, 0x00000006ff270000, 0x00000006ffaf0000)
  to   space 8704K,   0% used [0x00000006ffaf0000, 0x00000006ffaf0000, 0x0000000700370000)
 concurrent mark-sweep generation total 174784K, used 11815K [0x000000070fac0000, 0x000000071a570000, 0x00000007fae00000)
 concurrent-mark-sweep perm gen total 32168K, used 19302K [0x00000007fae00000, 0x00000007fcd6a000, 0x0000000800000000)
Event: 7202.042 GC heap after
Heap after GC invocations=4 (full 6):
 par new generation   total 78784K, used 0K [0x00000006fae00000, 0x0000000700370000, 0x000000070fac0000)
  eden space 70080K,   0% used [0x00000006fae00000, 0x00000006fae00000, 0x00000006ff270000)
  from space 8704K,   0% used [0x00000006ff270000, 0x00000006ff270000, 0x00000006ffaf0000)
  to   space 8704K,   0% used [0x00000006ffaf0000, 0x00000006ffaf0000, 0x0000000700370000)
 concurrent mark-sweep generation total 174784K, used 12905K [0x000000070fac0000, 0x000000071a570000, 0x00000007fae00000)
 concurrent-mark-sweep perm gen total 32360K, used 19302K [0x00000007fae00000, 0x00000007fcd9a000, 0x0000000800000000)
}
Event: 14851.415 GC heap before
{Heap before GC invocations=4 (full 7):
 par new generation   total 78784K, used 9284K [0x00000006fae00000, 0x0000000700370000, 0x000000070fac0000)
  eden space 70080K,  13% used [0x00000006fae00000, 0x00000006fb711250, 0x00000006ff270000)
  from space 8704K,   0% used [0x00000006ff270000, 0x00000006ff270000, 0x00000006ffaf0000)
  to   space 8704K,   0% used [0x00000006ffaf0000, 0x00000006ffaf0000, 0x0000000700370000)
 concurrent mark-sweep generation total 174784K, used 12905K [0x000000070fac0000, 0x000000071a570000, 0x00000007fae00000)
 concurrent-mark-sweep perm gen total 32360K, used 19304K [0x00000007fae00000, 0x00000007fcd9a000, 0x0000000800000000)
Event: 14851.490 GC heap after
Heap after GC invocations=5 (full 8):
 par new generation   total 78784K, used 0K [0x00000006fae00000, 0x0000000700370000, 0x000000070fac0000)
  eden space 70080K,   0% used [0x00000006fae00000, 0x00000006fae00000, 0x00000006ff270000)
  from space 8704K,   0% used [0x00000006ff270000, 0x00000006ff270000, 0x00000006ffaf0000)
  to   space 8704K,   0% used [0x00000006ffaf0000, 0x00000006ffaf0000, 0x0000000700370000)
 concurrent mark-sweep generation total 174784K, used 10287K [0x000000070fac0000, 0x000000071a570000, 0x00000007fae00000)
 concurrent-mark-sweep perm gen total 32360K, used 19206K [0x00000007fae00000, 0x00000007fcd9a000, 0x0000000800000000)
}

